{"/home/simone/Repos/kodels/index.js":{"path":"/home/simone/Repos/kodels/index.js","s":{"1":1,"2":1,"3":1,"4":3,"5":3,"6":1,"7":1,"8":1,"9":1,"10":1,"11":2,"12":1,"13":11,"14":11,"15":11,"16":11,"17":10,"18":8,"19":6,"20":2,"21":8,"22":2,"23":1,"24":7,"25":6,"26":5,"27":14,"28":14,"29":14,"30":1,"31":13,"32":9,"33":4,"34":4,"35":4,"36":1,"37":3,"38":3,"39":15,"40":1,"41":14,"42":14,"43":2,"44":12,"45":2,"46":1,"47":1,"48":22,"49":5,"50":17,"51":3,"52":14,"53":1,"54":13,"55":12,"56":9,"57":3,"58":2,"59":1,"60":1,"61":1,"62":3,"63":10,"64":3,"65":12,"66":3,"67":7,"68":3,"69":1,"70":2,"71":5,"72":5,"73":5,"74":5,"75":11,"76":2},"b":{"1":[11,11],"2":[6,2],"3":[2,6],"4":[1,13],"5":[14,11,10],"6":[9,4],"7":[1,3],"8":[1,14],"9":[1,1],"10":[5,17],"11":[3,14],"12":[1,13],"13":[12,1],"14":[9,3],"15":[2,1],"16":[1,2]},"f":{"1":3,"2":1,"3":1,"4":2,"5":11,"6":11,"7":7,"8":14,"9":4,"10":3,"11":15,"12":2,"13":22,"14":10,"15":12,"16":7,"17":5,"18":11},"fnMap":{"1":{"name":"ModelInstance","line":7,"loc":{"start":{"line":7,"column":0},"end":{"line":7,"column":30}}},"2":{"name":"(anonymous_2)","line":12,"loc":{"start":{"line":12,"column":31},"end":{"line":12,"column":42}}},"3":{"name":"(anonymous_3)","line":16,"loc":{"start":{"line":16,"column":35},"end":{"line":16,"column":46}}},"4":{"name":"(anonymous_4)","line":20,"loc":{"start":{"line":20,"column":35},"end":{"line":20,"column":46}}},"5":{"name":"validateAttributeDefinition","line":26,"loc":{"start":{"line":26,"column":0},"end":{"line":26,"column":73}}},"6":{"name":"(anonymous_6)","line":30,"loc":{"start":{"line":30,"column":22},"end":{"line":30,"column":34}}},"7":{"name":"(anonymous_7)","line":48,"loc":{"start":{"line":48,"column":15},"end":{"line":48,"column":37}}},"8":{"name":"validateAttributeValue","line":59,"loc":{"start":{"line":59,"column":31},"end":{"line":59,"column":76}}},"9":{"name":"(anonymous_9)","line":71,"loc":{"start":{"line":71,"column":27},"end":{"line":71,"column":50}}},"10":{"name":"(anonymous_10)","line":80,"loc":{"start":{"line":80,"column":14},"end":{"line":80,"column":41}}},"11":{"name":"_instanceProxySet","line":84,"loc":{"start":{"line":84,"column":15},"end":{"line":84,"column":62}}},"12":{"name":"(anonymous_12)","line":98,"loc":{"start":{"line":98,"column":20},"end":{"line":98,"column":36}}},"13":{"name":"(anonymous_13)","line":106,"loc":{"start":{"line":106,"column":15},"end":{"line":106,"column":38}}},"14":{"name":"initialValues","line":136,"loc":{"start":{"line":136,"column":45},"end":{"line":136,"column":83}}},"15":{"name":"(anonymous_15)","line":140,"loc":{"start":{"line":140,"column":91},"end":{"line":140,"column":107}}},"16":{"name":"(anonymous_16)","line":144,"loc":{"start":{"line":144,"column":61},"end":{"line":144,"column":77}}},"17":{"name":"attachStaticFn","line":157,"loc":{"start":{"line":157,"column":45},"end":{"line":157,"column":81}}},"18":{"name":"attributeValidateIterator","line":162,"loc":{"start":{"line":162,"column":53},"end":{"line":162,"column":103}}}},"statementMap":{"1":{"start":{"line":3,"column":0},"end":{"line":3,"column":26}},"2":{"start":{"line":4,"column":0},"end":{"line":4,"column":31}},"3":{"start":{"line":7,"column":0},"end":{"line":10,"column":1}},"4":{"start":{"line":8,"column":2},"end":{"line":8,"column":22}},"5":{"start":{"line":9,"column":2},"end":{"line":9,"column":29}},"6":{"start":{"line":12,"column":0},"end":{"line":14,"column":2}},"7":{"start":{"line":13,"column":2},"end":{"line":13,"column":41}},"8":{"start":{"line":16,"column":0},"end":{"line":18,"column":2}},"9":{"start":{"line":17,"column":2},"end":{"line":17,"column":36}},"10":{"start":{"line":20,"column":0},"end":{"line":22,"column":2}},"11":{"start":{"line":21,"column":2},"end":{"line":21,"column":31}},"12":{"start":{"line":26,"column":0},"end":{"line":42,"column":1}},"13":{"start":{"line":28,"column":2},"end":{"line":28,"column":90}},"14":{"start":{"line":29,"column":2},"end":{"line":29,"column":95}},"15":{"start":{"line":30,"column":2},"end":{"line":30,"column":100}},"16":{"start":{"line":30,"column":36},"end":{"line":30,"column":67}},"17":{"start":{"line":31,"column":2},"end":{"line":31,"column":72}},"18":{"start":{"line":33,"column":2},"end":{"line":37,"column":3}},"19":{"start":{"line":34,"column":4},"end":{"line":34,"column":65}},"20":{"start":{"line":36,"column":4},"end":{"line":36,"column":41}},"21":{"start":{"line":39,"column":2},"end":{"line":41,"column":3}},"22":{"start":{"line":40,"column":4},"end":{"line":40,"column":56}},"23":{"start":{"line":46,"column":0},"end":{"line":169,"column":2}},"24":{"start":{"line":49,"column":4},"end":{"line":49,"column":72}},"25":{"start":{"line":50,"column":4},"end":{"line":50,"column":85}},"26":{"start":{"line":52,"column":4},"end":{"line":155,"column":6}},"27":{"start":{"line":60,"column":8},"end":{"line":60,"column":51}},"28":{"start":{"line":61,"column":8},"end":{"line":61,"column":38}},"29":{"start":{"line":63,"column":8},"end":{"line":65,"column":9}},"30":{"start":{"line":64,"column":10},"end":{"line":64,"column":62}},"31":{"start":{"line":67,"column":8},"end":{"line":69,"column":9}},"32":{"start":{"line":68,"column":10},"end":{"line":68,"column":17}},"33":{"start":{"line":71,"column":8},"end":{"line":77,"column":11}},"34":{"start":{"line":72,"column":10},"end":{"line":72,"column":42}},"35":{"start":{"line":74,"column":10},"end":{"line":76,"column":11}},"36":{"start":{"line":75,"column":12},"end":{"line":75,"column":68}},"37":{"start":{"line":81,"column":8},"end":{"line":81,"column":48}},"38":{"start":{"line":82,"column":8},"end":{"line":134,"column":11}},"39":{"start":{"line":85,"column":12},"end":{"line":87,"column":13}},"40":{"start":{"line":86,"column":14},"end":{"line":86,"column":69}},"41":{"start":{"line":89,"column":12},"end":{"line":93,"column":13}},"42":{"start":{"line":90,"column":14},"end":{"line":90,"column":67}},"43":{"start":{"line":92,"column":14},"end":{"line":92,"column":120}},"44":{"start":{"line":95,"column":12},"end":{"line":95,"column":52}},"45":{"start":{"line":99,"column":12},"end":{"line":103,"column":13}},"46":{"start":{"line":100,"column":14},"end":{"line":100,"column":53}},"47":{"start":{"line":102,"column":14},"end":{"line":102,"column":66}},"48":{"start":{"line":107,"column":12},"end":{"line":109,"column":13}},"49":{"start":{"line":108,"column":14},"end":{"line":108,"column":36}},"50":{"start":{"line":111,"column":12},"end":{"line":113,"column":13}},"51":{"start":{"line":112,"column":14},"end":{"line":112,"column":36}},"52":{"start":{"line":115,"column":12},"end":{"line":117,"column":13}},"53":{"start":{"line":116,"column":14},"end":{"line":116,"column":48}},"54":{"start":{"line":119,"column":12},"end":{"line":130,"column":13}},"55":{"start":{"line":120,"column":14},"end":{"line":129,"column":15}},"56":{"start":{"line":121,"column":16},"end":{"line":121,"column":55}},"57":{"start":{"line":123,"column":16},"end":{"line":128,"column":17}},"58":{"start":{"line":124,"column":18},"end":{"line":124,"column":82}},"59":{"start":{"line":126,"column":18},"end":{"line":126,"column":132}},"60":{"start":{"line":127,"column":18},"end":{"line":127,"column":35}},"61":{"start":{"line":132,"column":12},"end":{"line":132,"column":80}},"62":{"start":{"line":136,"column":8},"end":{"line":138,"column":11}},"63":{"start":{"line":137,"column":10},"end":{"line":137,"column":72}},"64":{"start":{"line":140,"column":8},"end":{"line":142,"column":11}},"65":{"start":{"line":141,"column":10},"end":{"line":141,"column":79}},"66":{"start":{"line":144,"column":8},"end":{"line":146,"column":11}},"67":{"start":{"line":145,"column":10},"end":{"line":145,"column":60}},"68":{"start":{"line":148,"column":8},"end":{"line":150,"column":9}},"69":{"start":{"line":149,"column":10},"end":{"line":149,"column":60}},"70":{"start":{"line":152,"column":8},"end":{"line":152,"column":29}},"71":{"start":{"line":157,"column":4},"end":{"line":160,"column":7}},"72":{"start":{"line":158,"column":6},"end":{"line":158,"column":71}},"73":{"start":{"line":159,"column":6},"end":{"line":159,"column":58}},"74":{"start":{"line":162,"column":4},"end":{"line":164,"column":7}},"75":{"start":{"line":163,"column":6},"end":{"line":163,"column":93}},"76":{"start":{"line":166,"column":4},"end":{"line":166,"column":32}}},"branchMap":{"1":{"line":28,"type":"binary-expr","locations":[{"start":{"line":28,"column":9},"end":{"line":28,"column":22}},{"start":{"line":28,"column":26},"end":{"line":28,"column":58}}]},"2":{"line":33,"type":"if","locations":[{"start":{"line":33,"column":2},"end":{"line":33,"column":2}},{"start":{"line":33,"column":2},"end":{"line":33,"column":2}}]},"3":{"line":39,"type":"if","locations":[{"start":{"line":39,"column":2},"end":{"line":39,"column":2}},{"start":{"line":39,"column":2},"end":{"line":39,"column":2}}]},"4":{"line":63,"type":"if","locations":[{"start":{"line":63,"column":8},"end":{"line":63,"column":8}},{"start":{"line":63,"column":8},"end":{"line":63,"column":8}}]},"5":{"line":63,"type":"binary-expr","locations":[{"start":{"line":63,"column":12},"end":{"line":63,"column":33}},{"start":{"line":63,"column":38},"end":{"line":63,"column":66}},{"start":{"line":63,"column":70},"end":{"line":63,"column":84}}]},"6":{"line":67,"type":"if","locations":[{"start":{"line":67,"column":8},"end":{"line":67,"column":8}},{"start":{"line":67,"column":8},"end":{"line":67,"column":8}}]},"7":{"line":74,"type":"if","locations":[{"start":{"line":74,"column":10},"end":{"line":74,"column":10}},{"start":{"line":74,"column":10},"end":{"line":74,"column":10}}]},"8":{"line":85,"type":"if","locations":[{"start":{"line":85,"column":12},"end":{"line":85,"column":12}},{"start":{"line":85,"column":12},"end":{"line":85,"column":12}}]},"9":{"line":99,"type":"if","locations":[{"start":{"line":99,"column":12},"end":{"line":99,"column":12}},{"start":{"line":99,"column":12},"end":{"line":99,"column":12}}]},"10":{"line":107,"type":"if","locations":[{"start":{"line":107,"column":12},"end":{"line":107,"column":12}},{"start":{"line":107,"column":12},"end":{"line":107,"column":12}}]},"11":{"line":111,"type":"if","locations":[{"start":{"line":111,"column":12},"end":{"line":111,"column":12}},{"start":{"line":111,"column":12},"end":{"line":111,"column":12}}]},"12":{"line":115,"type":"if","locations":[{"start":{"line":115,"column":12},"end":{"line":115,"column":12}},{"start":{"line":115,"column":12},"end":{"line":115,"column":12}}]},"13":{"line":119,"type":"if","locations":[{"start":{"line":119,"column":12},"end":{"line":119,"column":12}},{"start":{"line":119,"column":12},"end":{"line":119,"column":12}}]},"14":{"line":120,"type":"if","locations":[{"start":{"line":120,"column":14},"end":{"line":120,"column":14}},{"start":{"line":120,"column":14},"end":{"line":120,"column":14}}]},"15":{"line":123,"type":"if","locations":[{"start":{"line":123,"column":16},"end":{"line":123,"column":16}},{"start":{"line":123,"column":16},"end":{"line":123,"column":16}}]},"16":{"line":148,"type":"if","locations":[{"start":{"line":148,"column":8},"end":{"line":148,"column":8}},{"start":{"line":148,"column":8},"end":{"line":148,"column":8}}]}}}}