TN:
SF:/home/simone/Repos/kodels/index.js
FN:7,ModelInstance
FN:12,(anonymous_2)
FN:16,(anonymous_3)
FN:20,(anonymous_4)
FN:26,validateAttributeDefinition
FN:30,(anonymous_6)
FN:48,(anonymous_7)
FN:59,validateAttributeValue
FN:71,(anonymous_9)
FN:80,(anonymous_10)
FN:84,_instanceProxySet
FN:98,(anonymous_12)
FN:106,(anonymous_13)
FN:136,initialValues
FN:140,(anonymous_15)
FN:144,(anonymous_16)
FN:157,attachStaticFn
FN:162,attributeValidateIterator
FNF:18
FNH:18
FNDA:3,ModelInstance
FNDA:1,(anonymous_2)
FNDA:1,(anonymous_3)
FNDA:2,(anonymous_4)
FNDA:11,validateAttributeDefinition
FNDA:11,(anonymous_6)
FNDA:7,(anonymous_7)
FNDA:14,validateAttributeValue
FNDA:4,(anonymous_9)
FNDA:3,(anonymous_10)
FNDA:15,_instanceProxySet
FNDA:2,(anonymous_12)
FNDA:22,(anonymous_13)
FNDA:10,initialValues
FNDA:12,(anonymous_15)
FNDA:7,(anonymous_16)
FNDA:5,attachStaticFn
FNDA:11,attributeValidateIterator
DA:3,1
DA:4,1
DA:7,1
DA:8,3
DA:9,3
DA:12,1
DA:13,1
DA:16,1
DA:17,1
DA:20,1
DA:21,2
DA:26,1
DA:28,11
DA:29,11
DA:30,11
DA:31,10
DA:33,8
DA:34,6
DA:36,2
DA:39,8
DA:40,2
DA:46,1
DA:49,7
DA:50,6
DA:52,5
DA:60,14
DA:61,14
DA:63,14
DA:64,1
DA:67,13
DA:68,9
DA:71,4
DA:72,4
DA:74,4
DA:75,1
DA:81,3
DA:82,3
DA:85,15
DA:86,1
DA:89,14
DA:90,14
DA:92,2
DA:95,12
DA:99,2
DA:100,1
DA:102,1
DA:107,22
DA:108,5
DA:111,17
DA:112,3
DA:115,14
DA:116,1
DA:119,13
DA:120,12
DA:121,9
DA:123,3
DA:124,2
DA:126,1
DA:127,1
DA:132,1
DA:136,3
DA:137,10
DA:140,3
DA:141,12
DA:144,3
DA:145,7
DA:148,3
DA:149,1
DA:152,2
DA:157,5
DA:158,5
DA:159,5
DA:162,5
DA:163,11
DA:166,2
LF:75
LH:75
BRDA:28,1,0,11
BRDA:28,1,1,11
BRDA:33,2,0,6
BRDA:33,2,1,2
BRDA:39,3,0,2
BRDA:39,3,1,6
BRDA:63,4,0,1
BRDA:63,4,1,13
BRDA:63,5,0,14
BRDA:63,5,1,11
BRDA:63,5,2,10
BRDA:67,6,0,9
BRDA:67,6,1,4
BRDA:74,7,0,1
BRDA:74,7,1,3
BRDA:85,8,0,1
BRDA:85,8,1,14
BRDA:99,9,0,1
BRDA:99,9,1,1
BRDA:107,10,0,5
BRDA:107,10,1,17
BRDA:111,11,0,3
BRDA:111,11,1,14
BRDA:115,12,0,1
BRDA:115,12,1,13
BRDA:119,13,0,12
BRDA:119,13,1,1
BRDA:120,14,0,9
BRDA:120,14,1,3
BRDA:123,15,0,2
BRDA:123,15,1,1
BRDA:148,16,0,1
BRDA:148,16,1,2
BRF:33
BRH:33
end_of_record
